MooDo/app/build/intermediates/manifest_merge_blame_file/debug/processDebugMainManifest/manifest-merger-blame-debug-report.txt
1<?xml version="1.0" encoding="utf-8"?>
2<manifest xmlns:android="http://schemas.android.com/apk/res/android"
3    package="com.example.moodo"
4    android:versionCode="1"
5    android:versionName="1.0" >
6
7    <uses-sdk
8        android:minSdkVersion="24"
9        android:targetSdkVersion="34" />
10
11    <uses-permission android:name="android.permission.INTERNET" />
11-->src\main\AndroidManifest.xml:5:5-67
11-->src\main\AndroidManifest.xml:5:22-64
12
13    <queries>
13-->[com.kakao.sdk:v2-common:2.20.5] AndroidManifest.xml:7:5-20:15
14        <package android:name="com.kakao.talk" />
14-->[com.kakao.sdk:v2-common:2.20.5] AndroidManifest.xml:8:9-50
14-->[com.kakao.sdk:v2-common:2.20.5] AndroidManifest.xml:8:18-47
15        <package android:name="com.kakao.talk.alpha" />
15-->[com.kakao.sdk:v2-common:2.20.5] AndroidManifest.xml:9:9-56
15-->[com.kakao.sdk:v2-common:2.20.5] AndroidManifest.xml:9:18-53
16        <package android:name="com.kakao.talk.sandbox" />
16-->[com.kakao.sdk:v2-common:2.20.5] AndroidManifest.xml:10:9-58
16-->[com.kakao.sdk:v2-common:2.20.5] AndroidManifest.xml:10:18-55
17        <package android:name="com.kakao.onetalk" />
17-->[com.kakao.sdk:v2-common:2.20.5] AndroidManifest.xml:11:9-53
17-->[com.kakao.sdk:v2-common:2.20.5] AndroidManifest.xml:11:18-50
18
19        <intent>
19-->[com.kakao.sdk:v2-common:2.20.5] AndroidManifest.xml:13:9-19:18
20            <action android:name="android.intent.action.VIEW" />
20-->[com.kakao.sdk:v2-common:2.20.5] AndroidManifest.xml:14:13-65
20-->[com.kakao.sdk:v2-common:2.20.5] AndroidManifest.xml:14:21-62
21
22            <category android:name="android.intent.category.BROWSABLE" />
22-->[com.kakao.sdk:v2-common:2.20.5] AndroidManifest.xml:16:13-74
22-->[com.kakao.sdk:v2-common:2.20.5] AndroidManifest.xml:16:23-71
23
24            <data android:scheme="https" />
24-->[com.kakao.sdk:v2-common:2.20.5] AndroidManifest.xml:18:13-44
24-->[com.kakao.sdk:v2-common:2.20.5] AndroidManifest.xml:18:19-41
25        </intent>
26    </queries>
27
28    <permission
28-->[androidx.core:core:1.13.1] AndroidManifest.xml:22:5-24:47
29        android:name="com.example.moodo.DYNAMIC_RECEIVER_NOT_EXPORTED_PERMISSION"
29-->[androidx.core:core:1.13.1] AndroidManifest.xml:23:9-81
30        android:protectionLevel="signature" />
30-->[androidx.core:core:1.13.1] AndroidManifest.xml:24:9-44
31
32    <uses-permission android:name="com.example.moodo.DYNAMIC_RECEIVER_NOT_EXPORTED_PERMISSION" />
32-->[androidx.core:core:1.13.1] AndroidManifest.xml:26:5-97
32-->[androidx.core:core:1.13.1] AndroidManifest.xml:26:22-94
33
34    <application
34-->src\main\AndroidManifest.xml:7:5-49:19
35        android:name="com.example.moodo.GlobalApplication"
35-->src\main\AndroidManifest.xml:9:9-42
36        android:allowBackup="true"
36-->src\main\AndroidManifest.xml:8:9-35
37        android:appComponentFactory="androidx.core.app.CoreComponentFactory"
37-->[androidx.core:core:1.13.1] AndroidManifest.xml:28:18-86
38        android:dataExtractionRules="@xml/data_extraction_rules"
38-->src\main\AndroidManifest.xml:10:9-65
39        android:debuggable="true"
40        android:extractNativeLibs="false"
41        android:fullBackupContent="@xml/backup_rules"
41-->src\main\AndroidManifest.xml:11:9-54
42        android:icon="@mipmap/ic_launcher"
42-->src\main\AndroidManifest.xml:12:9-43
43        android:label="@string/app_name"
43-->src\main\AndroidManifest.xml:13:9-41
44        android:roundIcon="@mipmap/ic_launcher_round"
44-->src\main\AndroidManifest.xml:14:9-54
45        android:supportsRtl="true"
45-->src\main\AndroidManifest.xml:15:9-35
46        android:testOnly="true"
47        android:theme="@style/Theme.MooDo"
47-->src\main\AndroidManifest.xml:16:9-43
48        android:usesCleartextTraffic="true" >
48-->src\main\AndroidManifest.xml:17:9-44
49        <activity
49-->src\main\AndroidManifest.xml:19:9-21:40
50            android:name="com.example.moodo.todolist.MainActivity_ToDo_Write"
50-->src\main\AndroidManifest.xml:20:13-61
51            android:exported="false" />
51-->src\main\AndroidManifest.xml:21:13-37
52        <activity
52-->src\main\AndroidManifest.xml:22:9-24:40
53            android:name="com.example.moodo.MainActivity_Statis"
53-->src\main\AndroidManifest.xml:23:13-48
54            android:exported="false" />
54-->src\main\AndroidManifest.xml:24:13-37
55        <activity
55-->src\main\AndroidManifest.xml:25:9-27:40
56            android:name="com.example.moodo.mode.MainActivity_ModeWrite"
56-->src\main\AndroidManifest.xml:26:13-56
57            android:exported="false" />
57-->src\main\AndroidManifest.xml:27:13-37
58        <activity
58-->src\main\AndroidManifest.xml:28:9-30:40
59            android:name="com.example.moodo.todolist.MainActivity_ToDo"
59-->src\main\AndroidManifest.xml:29:13-55
60            android:exported="false" />
60-->src\main\AndroidManifest.xml:30:13-37
61        <activity
61-->src\main\AndroidManifest.xml:31:9-33:40
62            android:name="com.example.moodo.sign.MainActivity_SignIn"
62-->src\main\AndroidManifest.xml:32:13-53
63            android:exported="false" />
63-->src\main\AndroidManifest.xml:33:13-37
64        <activity
64-->src\main\AndroidManifest.xml:34:9-36:40
65            android:name="com.example.moodo.mode.MainActivity_MooDo"
65-->src\main\AndroidManifest.xml:35:13-52
66            android:exported="false" />
66-->src\main\AndroidManifest.xml:36:13-37
67        <activity
67-->src\main\AndroidManifest.xml:37:9-39:40
68            android:name="com.example.moodo.sign.MainActivity_SignUp"
68-->src\main\AndroidManifest.xml:38:13-53
69            android:exported="false" />
69-->src\main\AndroidManifest.xml:39:13-37
70        <activity
70-->src\main\AndroidManifest.xml:40:9-48:20
71            android:name="com.example.moodo.MainActivity"
71-->src\main\AndroidManifest.xml:41:13-41
72            android:exported="true" >
72-->src\main\AndroidManifest.xml:42:13-36
73            <intent-filter>
73-->src\main\AndroidManifest.xml:43:13-47:29
74                <action android:name="android.intent.action.MAIN" />
74-->src\main\AndroidManifest.xml:44:17-69
74-->src\main\AndroidManifest.xml:44:25-66
75
76                <category android:name="android.intent.category.LAUNCHER" />
76-->src\main\AndroidManifest.xml:46:17-77
76-->src\main\AndroidManifest.xml:46:27-74
77            </intent-filter>
78        </activity>
79        <activity
79-->[com.kakao.sdk:v2-auth:2.20.5] AndroidManifest.xml:8:9-12:56
80            android:name="com.kakao.sdk.auth.TalkAuthCodeActivity"
80-->[com.kakao.sdk:v2-auth:2.20.5] AndroidManifest.xml:9:13-67
81            android:configChanges="orientation|screenSize|keyboardHidden"
81-->[com.kakao.sdk:v2-auth:2.20.5] AndroidManifest.xml:10:13-74
82            android:exported="false"
82-->[com.kakao.sdk:v2-auth:2.20.5] AndroidManifest.xml:11:13-37
83            android:theme="@style/TransparentCompat" />
83-->[com.kakao.sdk:v2-auth:2.20.5] AndroidManifest.xml:12:13-53
84        <activity
84-->[com.kakao.sdk:v2-auth:2.20.5] AndroidManifest.xml:13:9-16:56
85            android:name="com.kakao.sdk.auth.AuthCodeHandlerActivity"
85-->[com.kakao.sdk:v2-auth:2.20.5] AndroidManifest.xml:14:13-70
86            android:launchMode="singleTask"
86-->[com.kakao.sdk:v2-auth:2.20.5] AndroidManifest.xml:15:13-44
87            android:theme="@style/TransparentCompat" />
87-->[com.kakao.sdk:v2-auth:2.20.5] AndroidManifest.xml:16:13-53
88        <activity
88-->[com.kakao.sdk:v2-auth:2.20.5] AndroidManifest.xml:17:9-20:56
89            android:name="com.kakao.sdk.auth.AppsHandlerActivity"
89-->[com.kakao.sdk:v2-auth:2.20.5] AndroidManifest.xml:18:13-66
90            android:launchMode="singleTask"
90-->[com.kakao.sdk:v2-auth:2.20.5] AndroidManifest.xml:19:13-44
91            android:theme="@style/TransparentCompat" />
91-->[com.kakao.sdk:v2-auth:2.20.5] AndroidManifest.xml:20:13-53
92
93        <provider
93-->[androidx.emoji2:emoji2:1.3.0] AndroidManifest.xml:24:9-32:20
94            android:name="androidx.startup.InitializationProvider"
94-->[androidx.emoji2:emoji2:1.3.0] AndroidManifest.xml:25:13-67
95            android:authorities="com.example.moodo.androidx-startup"
95-->[androidx.emoji2:emoji2:1.3.0] AndroidManifest.xml:26:13-68
96            android:exported="false" >
96-->[androidx.emoji2:emoji2:1.3.0] AndroidManifest.xml:27:13-37
97            <meta-data
97-->[androidx.emoji2:emoji2:1.3.0] AndroidManifest.xml:29:13-31:52
98                android:name="androidx.emoji2.text.EmojiCompatInitializer"
98-->[androidx.emoji2:emoji2:1.3.0] AndroidManifest.xml:30:17-75
99                android:value="androidx.startup" />
99-->[androidx.emoji2:emoji2:1.3.0] AndroidManifest.xml:31:17-49
100            <meta-data
100-->[androidx.lifecycle:lifecycle-process:2.6.2] AndroidManifest.xml:29:13-31:52
101                android:name="androidx.lifecycle.ProcessLifecycleInitializer"
101-->[androidx.lifecycle:lifecycle-process:2.6.2] AndroidManifest.xml:30:17-78
102                android:value="androidx.startup" />
102-->[androidx.lifecycle:lifecycle-process:2.6.2] AndroidManifest.xml:31:17-49
103            <meta-data
103-->[androidx.profileinstaller:profileinstaller:1.3.1] AndroidManifest.xml:29:13-31:52
104                android:name="androidx.profileinstaller.ProfileInstallerInitializer"
104-->[androidx.profileinstaller:profileinstaller:1.3.1] AndroidManifest.xml:30:17-85
105                android:value="androidx.startup" />
105-->[androidx.profileinstaller:profileinstaller:1.3.1] AndroidManifest.xml:31:17-49
106        </provider>
107
108        <receiver
108-->[androidx.profileinstaller:profileinstaller:1.3.1] AndroidManifest.xml:34:9-52:20
109            android:name="androidx.profileinstaller.ProfileInstallReceiver"
109-->[androidx.profileinstaller:profileinstaller:1.3.1] AndroidManifest.xml:35:13-76
110            android:directBootAware="false"
110-->[androidx.profileinstaller:profileinstaller:1.3.1] AndroidManifest.xml:36:13-44
111            android:enabled="true"
111-->[androidx.profileinstaller:profileinstaller:1.3.1] AndroidManifest.xml:37:13-35
112            android:exported="true"
112-->[androidx.profileinstaller:profileinstaller:1.3.1] AndroidManifest.xml:38:13-36
113            android:permission="android.permission.DUMP" >
113-->[androidx.profileinstaller:profileinstaller:1.3.1] AndroidManifest.xml:39:13-57
114            <intent-filter>
114-->[androidx.profileinstaller:profileinstaller:1.3.1] AndroidManifest.xml:40:13-42:29
115                <action android:name="androidx.profileinstaller.action.INSTALL_PROFILE" />
115-->[androidx.profileinstaller:profileinstaller:1.3.1] AndroidManifest.xml:41:17-91
115-->[androidx.profileinstaller:profileinstaller:1.3.1] AndroidManifest.xml:41:25-88
116            </intent-filter>
117            <intent-filter>
117-->[androidx.profileinstaller:profileinstaller:1.3.1] AndroidManifest.xml:43:13-45:29
118                <action android:name="androidx.profileinstaller.action.SKIP_FILE" />
118-->[androidx.profileinstaller:profileinstaller:1.3.1] AndroidManifest.xml:44:17-85
118-->[androidx.profileinstaller:profileinstaller:1.3.1] AndroidManifest.xml:44:25-82
119            </intent-filter>
120            <intent-filter>
120-->[androidx.profileinstaller:profileinstaller:1.3.1] AndroidManifest.xml:46:13-48:29
121                <action android:name="androidx.profileinstaller.action.SAVE_PROFILE" />
121-->[androidx.profileinstaller:profileinstaller:1.3.1] AndroidManifest.xml:47:17-88
121-->[androidx.profileinstaller:profileinstaller:1.3.1] AndroidManifest.xml:47:25-85
122            </intent-filter>
123            <intent-filter>
123-->[androidx.profileinstaller:profileinstaller:1.3.1] AndroidManifest.xml:49:13-51:29
124                <action android:name="androidx.profileinstaller.action.BENCHMARK_OPERATION" />
124-->[androidx.profileinstaller:profileinstaller:1.3.1] AndroidManifest.xml:50:17-95
124-->[androidx.profileinstaller:profileinstaller:1.3.1] AndroidManifest.xml:50:25-92
125            </intent-filter>
126        </receiver>
127    </application>
128
129</manifest>